[
  {
    "level": "INFO",
    "message": "android.ndkVersion from module build.gradle is 21.2.6472646"
  },
  {
    "level": "INFO",
    "message": "ndk.dir in local.properties is C:\\Users\\66328\\AppData\\Local\\Android\\Sdk\\ndk\\21.2.6472646"
  },
  {
    "level": "INFO",
    "message": "ANDROID_NDK_HOME environment variable is not set"
  },
  {
    "level": "INFO",
    "message": "sdkFolder is C:\\Users\\66328\\AppData\\Local\\Android\\Sdk"
  },
  {
    "level": "INFO",
    "message": "Considering C:\\Users\\66328\\AppData\\Local\\Android\\Sdk\\ndk\\21.2.6472646 by ndk.dir"
  },
  {
    "level": "INFO",
    "message": "Considering C:\\Users\\66328\\AppData\\Local\\Android\\Sdk\\ndk-bundle in SDK ndk-bundle folder"
  },
  {
    "level": "INFO",
    "message": "Considering C:\\Users\\66328\\AppData\\Local\\Android\\Sdk\\ndk\\21.2.6472646 in SDK ndk folder"
  },
  {
    "level": "INFO",
    "message": "Considering C:\\Users\\66328\\AppData\\Local\\Android\\Sdk\\ndk\\23.0.7196353 in SDK ndk folder"
  },
  {
    "level": "INFO",
    "message": "Rejected C:\\Users\\66328\\AppData\\Local\\Android\\Sdk\\ndk-bundle in SDK ndk-bundle folder because that location has no source.properties"
  },
  {
    "level": "INFO",
    "message": "Choosing C:\\Users\\66328\\AppData\\Local\\Android\\Sdk\\ndk\\21.2.6472646 from ndk.dir which had the requested version 21.2.6472646"
  }
]